# JRE version: Java(TM) SE Runtime Environment (17.0.6+9) (build 17.0.6+9-LTS-190)
# Java VM: Java HotSpot(TM) 64-Bit Server VM (17.0.6+9-LTS-190, mixed mode, emulated-client, sharing, tiered, compressed oops, compressed class ptrs, g1 gc, windows-amd64)
GC Precious Log:
 CPUs: 4 total, 4 available
 Memory: 8006M
 Large Page Support: Disabled
 NUMA Support: Disabled
 Compressed Oops: Enabled (32-bit)
 Heap Region Size: 1M
 Heap Min Capacity: 8M
 Heap Initial Capacity: 126M
 Heap Max Capacity: 1G
 Pre-touch: Disabled
 Parallel Workers: 4
 Concurrent Workers: 1
 Concurrent Refinement Workers: 4
 Periodic GC: Disabled
Heap:
 garbage-first heap   total 86016K, used 28576K [0x00000000c0000000, 0x0000000100000000)
  region size 1024K, 1 young (1024K), 0 survivors (0K)
 Metaspace       used 41858K, committed 42624K, reserved 1089536K
  class space    used 5535K, committed 5824K, reserved 1048576K
GC Heap History (20 events):
Event: 65.991 GC heap before
{Heap before GC invocations=10 (full 0):
 garbage-first heap   total 86016K, used 52654K [0x00000000c0000000, 0x0000000100000000)
  region size 1024K, 24 young (24576K), 3 survivors (3072K)
 Metaspace       used 42093K, committed 42624K, reserved 1089536K
  class space    used 5589K, committed 5824K, reserved 1048576K
}
Event: 66.029 GC heap after
{Heap after GC invocations=11 (full 1):
 garbage-first heap   total 86016K, used 32302K [0x00000000c0000000, 0x0000000100000000)
  region size 1024K, 0 young (0K), 0 survivors (0K)
 Metaspace       used 42093K, committed 42624K, reserved 1089536K
  class space    used 5589K, committed 5824K, reserved 1048576K
}
Event: 76.354 GC heap before
{Heap before GC invocations=11 (full 1):
 garbage-first heap   total 86016K, used 32302K [0x00000000c0000000, 0x0000000100000000)
  region size 1024K, 1 young (1024K), 0 survivors (0K)
 Metaspace       used 42093K, committed 42624K, reserved 1089536K
  class space    used 5589K, committed 5824K, reserved 1048576K
}
Event: 76.404 GC heap after
{Heap after GC invocations=12 (full 2):
 garbage-first heap   total 86016K, used 29412K [0x00000000c0000000, 0x0000000100000000)
  region size 1024K, 0 young (0K), 0 survivors (0K)
 Metaspace       used 42007K, committed 42624K, reserved 1089536K
  class space    used 5568K, committed 5824K, reserved 1048576K
}
Event: 86.758 GC heap before
{Heap before GC invocations=12 (full 2):
 garbage-first heap   total 86016K, used 29412K [0x00000000c0000000, 0x0000000100000000)
  region size 1024K, 1 young (1024K), 0 survivors (0K)
 Metaspace       used 42007K, committed 42624K, reserved 1089536K
  class space    used 5568K, committed 5824K, reserved 1048576K
}
Event: 86.808 GC heap after
{Heap after GC invocations=13 (full 3):
 garbage-first heap   total 86016K, used 28576K [0x00000000c0000000, 0x0000000100000000)
  region size 1024K, 0 young (0K), 0 survivors (0K)
 Metaspace       used 41858K, committed 42624K, reserved 1089536K
  class space    used 5535K, committed 5824K, reserved 1048576K
}
Event: 97.295 GC heap before
{Heap before GC invocations=13 (full 3):
 garbage-first heap   total 86016K, used 28576K [0x00000000c0000000, 0x0000000100000000)
  region size 1024K, 1 young (1024K), 0 survivors (0K)
 Metaspace       used 41858K, committed 42624K, reserved 1089536K
  class space    used 5535K, committed 5824K, reserved 1048576K
}
Event: 97.336 GC heap after
{Heap after GC invocations=14 (full 4):
 garbage-first heap   total 86016K, used 28576K [0x00000000c0000000, 0x0000000100000000)
  region size 1024K, 0 young (0K), 0 survivors (0K)
 Metaspace       used 41858K, committed 42624K, reserved 1089536K
  class space    used 5535K, committed 5824K, reserved 1048576K
}
Event: 107.653 GC heap before
{Heap before GC invocations=14 (full 4):
 garbage-first heap   total 86016K, used 28576K [0x00000000c0000000, 0x0000000100000000)
  region size 1024K, 1 young (1024K), 0 survivors (0K)
 Metaspace       used 41858K, committed 42624K, reserved 1089536K
  class space    used 5535K, committed 5824K, reserved 1048576K
}
Event: 107.689 GC heap after
{Heap after GC invocations=15 (full 5):
 garbage-first heap   total 86016K, used 28576K [0x00000000c0000000, 0x0000000100000000)
  region size 1024K, 0 young (0K), 0 survivors (0K)
 Metaspace       used 41858K, committed 42624K, reserved 1089536K
  class space    used 5535K, committed 5824K, reserved 1048576K
}
Event: 117.989 GC heap before
{Heap before GC invocations=15 (full 5):
 garbage-first heap   total 86016K, used 28576K [0x00000000c0000000, 0x0000000100000000)
  region size 1024K, 1 young (1024K), 0 survivors (0K)
 Metaspace       used 41858K, committed 42624K, reserved 1089536K
  class space    used 5535K, committed 5824K, reserved 1048576K
}
Event: 118.024 GC heap after
{Heap after GC invocations=16 (full 6):
 garbage-first heap   total 86016K, used 28576K [0x00000000c0000000, 0x0000000100000000)
  region size 1024K, 0 young (0K), 0 survivors (0K)
 Metaspace       used 41858K, committed 42624K, reserved 1089536K
  class space    used 5535K, committed 5824K, reserved 1048576K
}
Event: 128.405 GC heap before
{Heap before GC invocations=16 (full 6):
 garbage-first heap   total 86016K, used 28576K [0x00000000c0000000, 0x0000000100000000)
  region size 1024K, 1 young (1024K), 0 survivors (0K)
 Metaspace       used 41858K, committed 42624K, reserved 1089536K
  class space    used 5535K, committed 5824K, reserved 1048576K
}
Event: 128.448 GC heap after
{Heap after GC invocations=17 (full 7):
 garbage-first heap   total 86016K, used 28576K [0x00000000c0000000, 0x0000000100000000)
  region size 1024K, 0 young (0K), 0 survivors (0K)
 Metaspace       used 41858K, committed 42624K, reserved 1089536K
  class space    used 5535K, committed 5824K, reserved 1048576K
}
Event: 138.820 GC heap before
{Heap before GC invocations=17 (full 7):
 garbage-first heap   total 86016K, used 28576K [0x00000000c0000000, 0x0000000100000000)
  region size 1024K, 1 young (1024K), 0 survivors (0K)
 Metaspace       used 41858K, committed 42624K, reserved 1089536K
  class space    used 5535K, committed 5824K, reserved 1048576K
}
Event: 138.863 GC heap after
{Heap after GC invocations=18 (full 8):
 garbage-first heap   total 86016K, used 28576K [0x00000000c0000000, 0x0000000100000000)
  region size 1024K, 0 young (0K), 0 survivors (0K)
 Metaspace       used 41858K, committed 42624K, reserved 1089536K
  class space    used 5535K, committed 5824K, reserved 1048576K
}
Event: 149.308 GC heap before
{Heap before GC invocations=18 (full 8):
 garbage-first heap   total 86016K, used 28576K [0x00000000c0000000, 0x0000000100000000)
  region size 1024K, 1 young (1024K), 0 survivors (0K)
 Metaspace       used 41858K, committed 42624K, reserved 1089536K
  class space    used 5535K, committed 5824K, reserved 1048576K
}
Event: 149.348 GC heap after
{Heap after GC invocations=19 (full 9):
 garbage-first heap   total 86016K, used 28576K [0x00000000c0000000, 0x0000000100000000)
  region size 1024K, 0 young (0K), 0 survivors (0K)
 Metaspace       used 41858K, committed 42624K, reserved 1089536K
  class space    used 5535K, committed 5824K, reserved 1048576K
}
Event: 159.692 GC heap before
{Heap before GC invocations=19 (full 9):
 garbage-first heap   total 86016K, used 28576K [0x00000000c0000000, 0x0000000100000000)
  region size 1024K, 1 young (1024K), 0 survivors (0K)
 Metaspace       used 41858K, committed 42624K, reserved 1089536K
  class space    used 5535K, committed 5824K, reserved 1048576K
}
Event: 159.728 GC heap after
{Heap after GC invocations=20 (full 10):
 garbage-first heap   total 86016K, used 28576K [0x00000000c0000000, 0x0000000100000000)
  region size 1024K, 0 young (0K), 0 survivors (0K)
 Metaspace       used 41858K, committed 42624K, reserved 1089536K
  class space    used 5535K, committed 5824K, reserved 1048576K
}

